<?xml version="1.0" encoding="UTF-8"?>
<testsuite xmlns:xsi="http://www.w3.org/2001/XMLSchema-instance" xsi:noNamespaceSchemaLocation="https://maven.apache.org/surefire/maven-surefire-plugin/xsd/surefire-test-report-3.0.xsd" version="3.0" name="com.airdrop.infrastructure.NettyTest" time="0.598" tests="2" errors="0" skipped="0" failures="0">
  <properties>
[...]
</properties>
  <testcase name="testUdpMulticastDiscovery" classname="com.airdrop.infrastructure.NettyTest" time="0.399">
    <system-out><![CDATA[Node-2 discovered peer: Node-1 on IP 192.168.56.1
]]></system-out>
  </testcase>
  <testcase name="testTcpFileTransfer" classname="com.airdrop.infrastructure.NettyTest" time="0.178">
    <system-out><![CDATA[Node-1 Send started.
Node-2 Receive started: test_transfer2188182489529527731.dat
Node-1 Send completed.
Node-2 Receive completed: ./downloaded_test_transfer2188182489529527731.dat
]]></system-out>
  </testcase>
</testsuite>